<?xml version="1.0" encoding="UTF-8"?>
<!-- Generated by org.testng.reporters.JUnitReportReporter -->
<testsuite skipped="0" hostname="Leela" name="com.grantportal.testCases.TC_Eligibility_AC5" tests="1" failures="0" timestamp="2020-08-10T22:09:19 SGT" time="20.489" errors="0">
  <testcase name="verifyEligibilityQuestions" time="20.489" classname="com.grantportal.testCases.TC_Eligibility_AC5"/>
  <system-out/>
</testsuite> <!-- com.grantportal.testCases.TC_Eligibility_AC5 -->
