<?xml version="1.0" encoding="UTF-8"?>
<!-- Generated by org.testng.reporters.JUnitReportReporter -->
<testsuite skipped="0" hostname="Leela" name="com.grantportal.testCases.TC_Eligibility_AC4" tests="1" failures="0" timestamp="2020-08-11T22:24:42 SGT" time="35.117" errors="0">
  <testcase name="verifyEligibilityQuestions" time="35.117" classname="com.grantportal.testCases.TC_Eligibility_AC4"/>
  <system-out/>
</testsuite> <!-- com.grantportal.testCases.TC_Eligibility_AC4 -->
