<?xml version="1.0" encoding="UTF-8"?>
<!-- Generated by org.testng.reporters.JUnitReportReporter -->
<testsuite skipped="0" hostname="Leela" name="com.grantportal.testCases.TC_SelectGrant_004" tests="1" failures="0" timestamp="2020-08-08T14:17:07 SGT" time="11.672" errors="0">
  <testcase name="SelectSector" time="11.672" classname="com.grantportal.testCases.TC_SelectGrant_004"/>
  <system-out/>
</testsuite> <!-- com.grantportal.testCases.TC_SelectGrant_004 -->
