<?xml version="1.0" encoding="UTF-8"?>
<!-- Generated by org.testng.reporters.JUnitReportReporter -->
<testsuite skipped="0" hostname="Leela" name="com.grantportal.testCases.TC_Eligibility_AC2" tests="1" failures="0" timestamp="2020-08-10T22:09:19 SGT" time="16.304" errors="0">
  <testcase name="verifyEligibilityQuestions" time="16.304" classname="com.grantportal.testCases.TC_Eligibility_AC2"/>
  <system-out/>
</testsuite> <!-- com.grantportal.testCases.TC_Eligibility_AC2 -->
