<?xml version="1.0" encoding="UTF-8"?>
<!-- Generated by org.testng.reporters.JUnitReportReporter -->
<testsuite skipped="0" hostname="Leela" name="com.grantportal.testCases.TC_ApplyForGrant_005" tests="1" failures="0" timestamp="2020-08-08T14:17:07 SGT" time="12.801" errors="0">
  <testcase name="SelectSector" time="12.801" classname="com.grantportal.testCases.TC_ApplyForGrant_005"/>
  <system-out/>
</testsuite> <!-- com.grantportal.testCases.TC_ApplyForGrant_005 -->
