<?xml version="1.0" encoding="UTF-8"?>
<!-- Generated by org.testng.reporters.JUnitReportReporter -->
<testsuite skipped="0" hostname="Leela" name="com.grantportal.testCases.TC_ProceedWithApplication_006" tests="1" failures="0" timestamp="2020-08-09T00:17:12 SGT" time="17.876" errors="0">
  <testcase name="ProceedToApplyGrant" time="17.876" classname="com.grantportal.testCases.TC_ProceedWithApplication_006"/>
  <system-out/>
</testsuite> <!-- com.grantportal.testCases.TC_ProceedWithApplication_006 -->
