<?xml version="1.0" encoding="UTF-8"?>
<!-- Generated by org.testng.reporters.JUnitReportReporter -->
<testsuite skipped="0" hostname="Leela" name="com.grantportal.testCases.TC_Eligibility_007" tests="1" failures="0" timestamp="2020-08-10T12:44:47 SGT" time="20.344" errors="0">
  <testcase name="Eligibiiyt" time="20.344" classname="com.grantportal.testCases.TC_Eligibility_007"/>
  <system-out/>
</testsuite> <!-- com.grantportal.testCases.TC_Eligibility_007 -->
