<?xml version="1.0" encoding="UTF-8"?>
<!-- Generated by org.testng.reporters.JUnitReportReporter -->
<testsuite skipped="0" hostname="Leela" name="com.grantportal.testCases.TC_SelectGetNewGrant_003" tests="1" failures="0" timestamp="2020-08-08T08:28:44 SGT" time="12.530" errors="0">
  <testcase name="GetNewGrant" time="12.530" classname="com.grantportal.testCases.TC_SelectGetNewGrant_003"/>
  <system-out/>
</testsuite> <!-- com.grantportal.testCases.TC_SelectGetNewGrant_003 -->
