<?xml version="1.0" encoding="UTF-8"?>
<!-- Generated by org.testng.reporters.JUnitReportReporter -->
<testsuite skipped="0" hostname="Leela" name="com.grantportal.testCases.TC_Eligibility_AC1" tests="1" failures="0" timestamp="2020-08-10T22:09:19 SGT" time="20.160" errors="0">
  <testcase name="Eligibiiyt" time="20.160" classname="com.grantportal.testCases.TC_Eligibility_AC1"/>
  <system-out/>
</testsuite> <!-- com.grantportal.testCases.TC_Eligibility_AC1 -->
