<?xml version="1.0" encoding="UTF-8"?>
<!-- Generated by org.testng.reporters.JUnitReportReporter -->
<testsuite skipped="0" hostname="Leela" name="com.grantportal.testCases.TC_GetNewGrant_003" tests="1" failures="0" timestamp="2020-08-06T05:10:22 SGT" time="10.836" errors="0">
  <testcase name="GetNewGrant" time="10.836" classname="com.grantportal.testCases.TC_GetNewGrant_003"/>
  <system-out/>
</testsuite> <!-- com.grantportal.testCases.TC_GetNewGrant_003 -->
